<?xml version="1.0" encoding="UTF-8"?>
<testng-results ignored="0" total="1" passed="1" failed="0" skipped="0">
  <reporter-output>
  </reporter-output>
  <suite started-at="2023-10-20T14:34:27 IST" name="Default suite" finished-at="2023-10-20T14:34:59 IST" duration-ms="32435">
    <groups>
    </groups>
    <test started-at="2023-10-20T14:34:27 IST" name="Default test" finished-at="2023-10-20T14:34:59 IST" duration-ms="32435">
      <class name="classprojectorangehrm.Orangehrm">
        <test-method signature="LoadPage()[pri:0, instance:classprojectorangehrm.Orangehrm@13b13b5d]" started-at="2023-10-20T14:34:27 IST" name="LoadPage" finished-at="2023-10-20T14:34:59 IST" duration-ms="32397" status="PASS">
          <reporter-output>
          </reporter-output>
        </test-method> <!-- LoadPage -->
      </class> <!-- classprojectorangehrm.Orangehrm -->
    </test> <!-- Default test -->
  </suite> <!-- Default suite -->
</testng-results>
